<?xml version="1.0" encoding="UTF-8"?>
<!-- Generated by org.testng.reporters.JUnitReportReporter -->
<testsuite hostname="Arunkumars-MacBook-Pro-2.local" name="com.qa.beartax.SigninPage" tests="1" failures="0" timestamp="17 Apr 2020 03:19:45 GMT" time="3.444" errors="0">
  <testcase name="sigininProcess" time="3.444" classname="com.qa.beartax.SigninPage"/>
</testsuite> <!-- com.qa.beartax.SigninPage -->
