<?xml version="1.0" encoding="UTF-8"?>
<!-- Generated by org.testng.reporters.JUnitReportReporter -->
<testsuite hostname="Arunkumars-MacBook-Pro-2.local" name="com.qa.beartax.Launch" tests="5" failures="0" timestamp="17 Apr 2020 02:29:46 GMT" time="16.428" errors="0">
  <testcase name="Tryforfreebutton" time="0.344" classname="com.qa.beartax.Launch"/>
  <testcase name="Tryfornow" time="2.462" classname="com.qa.beartax.Launch"/>
  <testcase name="mouseOveronElements" time="0.140" classname="com.qa.beartax.Launch"/>
  <testcase name="loginlandingsignin" time="3.911" classname="com.qa.beartax.Launch"/>
  <testcase name="clickonPricing" time="9.571" classname="com.qa.beartax.Launch"/>
</testsuite> <!-- com.qa.beartax.Launch -->
