<?xml version="1.0" encoding="UTF-8"?>
<!-- Generated by org.testng.reporters.JUnitReportReporter -->
<testsuite hostname="Arunkumars-MacBook-Pro-2.local" name="com.qa.beartax.base.DriverScript" tests="1" failures="0" timestamp="11 Apr 2020 04:54:45 GMT" time="2.662" errors="0">
  <testcase name="initialization" time="2.662" classname="com.qa.beartax.base.DriverScript"/>
</testsuite> <!-- com.qa.beartax.base.DriverScript -->
