<?xml version="1.0" encoding="UTF-8"?>
<!-- Generated by org.testng.reporters.JUnitReportReporter -->
<testsuite hostname="Arunkumars-MacBook-Pro-2.local" name="com.qa.beartax.SignUpPage" tests="1" failures="0" timestamp="24 Apr 2020 13:58:36 GMT" time="0.787" errors="0">
  <testcase name="excelDataRead" time="0.787" classname="com.qa.beartax.SignUpPage"/>
</testsuite> <!-- com.qa.beartax.SignUpPage -->
